#
# A fatal error has been detected by the Java Runtime Environment:
#
#  Internal Error (os_windows.cpp:613), pid=284812, tid=265784
#  fatal error: DuplicateHandle failed

#
# JRE version: OpenJDK Runtime Environment (21.0.2+13) (build 21.0.2+13-58)
# Java VM: OpenJDK 64-Bit Server VM (21.0.2+13-58, mixed mode, sharing, tiered, compressed oops, compressed class ptrs, g1 gc, windows-amd64)
# No core dump will be written. Failed to create minidump file (0x5aa).
#
# If you would like to submit a bug report, please visit:
#   https://bugreport.java.com/bugreport/crash.jsp
#

---------------  S U M M A R Y ------------

Command Line: -javaagent:C:\Program Files\JetBrains\IntelliJ IDEA Community Edition 2024.1\lib\idea_rt.jar=65303:C:\Program Files\JetBrains\IntelliJ IDEA Community Edition 2024.1\bin -Dfile.encoding=UTF-8 -Dsun.stdout.encoding=UTF-8 -Dsun.stderr.encoding=UTF-8 org.example.Main

Host: AMD EPYC 7282 16-Core Processor                , 32 cores, 255G,  Windows Server 2022 , 64 bit Build 20348 (10.0.20348.1906)
Time: Mon Apr 15 07:46:33 2024 Pacific Daylight Time elapsed time: 6009.821366 seconds (0d 1h 40m 9s)

---------------  T H R E A D  ---------------

Current thread (0x000001a743f593c0):  JavaThread "Unknown thread" [_thread_in_vm, stack(0x00000038d3400000,0x00000038d3500000) (1024K)]

Stack: [0x00000038d3400000,0x00000038d3500000]
Native frames: (J=compiled Java code, j=interpreted, Vv=VM code, C=native code)
V  [jvm.dll+0x6cade9]
V  [jvm.dll+0x8569c1]
V  [jvm.dll+0x858d2e]
V  [jvm.dll+0x280c41]
V  [jvm.dll+0x6c2734]
V  [jvm.dll+0x450f88]
